<?xml version="1.0" encoding="UTF-8"?>
<testng-results skipped="0" failed="0" ignored="0" total="1" passed="1">
  <reporter-output>
  </reporter-output>
  <suite name="Suite" duration-ms="75279" started-at="2020-10-21T21:43:31Z" finished-at="2020-10-21T21:44:46Z">
    <groups>
    </groups>
    <test name="Test" duration-ms="75279" started-at="2020-10-21T21:43:31Z" finished-at="2020-10-21T21:44:46Z">
      <class name="test.Test_shopify_addproduct">
        <test-method status="PASS" signature="login()[pri:0, instance:test.Test_shopify_addproduct@1e965684]" name="login" duration-ms="75258" started-at="2020-10-21T21:43:31Z" finished-at="2020-10-21T21:44:46Z">
          <reporter-output>
          </reporter-output>
        </test-method> <!-- login -->
      </class> <!-- test.Test_shopify_addproduct -->
    </test> <!-- Test -->
  </suite> <!-- Suite -->
</testng-results>
